2020/11/25 11:01:44 {"callers":["/Users/mahongcheng/go-programming-tour-book/blog-service/main.go : 27 main.init.0"],"level":"info","message":"xiaoma:  go-programing-tour-book/blog-service","time":1606273304598740000}
2020/11/25 11:28:51 {"callers":["/Users/mahongcheng/go-programming-tour-book/blog-service/main.go : 27 main.init.0"],"level":"info","message":"xiaoma:  go-programing-tour-book/blog-service","time":1606274931289353000}
2020/11/25 16:58:57 {"callers":["/Users/mahongcheng/go-programming-tour-book/blog-service/main.go : 27 main.init.0"],"level":"info","message":"xiaoma:  go-programing-tour-book/blog-service","time":1606294737758375000}
2020/11/25 17:03:10 {"callers":["/Users/mahongcheng/go-programming-tour-book/blog-service/main.go : 27 main.init.0"],"level":"info","message":"xiaoma:  go-programing-tour-book/blog-service","time":1606294990771632000}
2020/11/25 17:11:55 {"callers":["/Users/mahongcheng/go-programming-tour-book/blog-service/main.go : 27 main.init.0"],"level":"info","message":"xiaoma:  go-programing-tour-book/blog-service","time":1606295515588632000}
2020/11/25 17:16:47 {"callers":["/Users/mahongcheng/go-programming-tour-book/blog-service/main.go : 27 main.init.0"],"level":"info","message":"xiaoma:  go-programing-tour-book/blog-service","time":1606295807031474000}
2020/11/25 17:23:53 {"callers":["/Users/mahongcheng/go-programming-tour-book/blog-service/main.go : 27 main.init.0"],"level":"info","message":"xiaoma:  go-programing-tour-book/blog-service","time":1606296233720447000}
2020/11/25 17:34:20 {"callers":["/Users/mahongcheng/go-programming-tour-book/blog-service/main.go : 27 main.init.0"],"level":"info","message":"xiaoma:  go-programing-tour-book/blog-service","time":1606296860947736000}
2020/11/25 17:40:38 {"callers":["/Users/mahongcheng/go-programming-tour-book/blog-service/main.go : 27 main.init.0"],"level":"info","message":"xiaoma:  go-programing-tour-book/blog-service","time":1606297238769362000}
2020/11/25 17:52:56 {"callers":["/Users/mahongcheng/go-programming-tour-book/blog-service/main.go : 27 main.init.0"],"level":"info","message":"xiaoma:  go-programing-tour-book/blog-service","time":1606297976509143000}
2020/11/25 22:53:54 {"callers":["/Users/mahongcheng/go-programming-tour-book/blog-service/main.go : 27 main.init.0"],"level":"info","message":"xiaoma:  go-programing-tour-book/blog-service","time":1606316034566234000}
2020/11/25 22:55:39 {"callers":["/Users/mahongcheng/go-programming-tour-book/blog-service/main.go : 27 main.init.0"],"level":"error","message":"app.BindAndValid errs:State必须是[0 1]中的一个","time":1606316139015763000}
2020/11/26 17:05:26 {"callers":["/Users/mahongcheng/go-programming-tour-book/blog-service/main.go : 27 main.init.0"],"level":"info","message":"xiaoma:  go-programing-tour-book/blog-service","time":1606381526545682000}
2020/11/26 17:06:08 {"callers":["/Users/mahongcheng/go-programming-tour-book/blog-service/main.go : 27 main.init.0"],"level":"info","message":"xiaoma:  go-programing-tour-book/blog-service","time":1606381568029024000}
2020/11/26 17:08:23 {"callers":["/Users/mahongcheng/go-programming-tour-book/blog-service/main.go : 27 main.init.0"],"level":"info","message":"xiaoma:  go-programing-tour-book/blog-service","time":1606381703368156000}
2020/11/26 17:08:57 {"callers":["/Users/mahongcheng/go-programming-tour-book/blog-service/main.go : 27 main.init.0"],"level":"info","message":"xiaoma:  go-programing-tour-book/blog-service","time":1606381737154251000}
2020/11/26 17:09:40 {"callers":["/Users/mahongcheng/go-programming-tour-book/blog-service/main.go : 27 main.init.0"],"level":"info","message":"xiaoma:  go-programing-tour-book/blog-service","time":1606381780794671000}
2020/11/26 17:12:46 {"callers":["/Users/mahongcheng/go-programming-tour-book/blog-service/main.go : 27 main.init.0"],"level":"info","message":"xiaoma:  go-programing-tour-book/blog-service","time":1606381966073689000}
2020/11/26 17:15:34 {"callers":["/Users/mahongcheng/go-programming-tour-book/blog-service/main.go : 27 main.init.0"],"level":"info","message":"xiaoma:  go-programing-tour-book/blog-service","time":1606382134151412000}
2020/11/26 17:16:06 {"callers":["/Users/mahongcheng/go-programming-tour-book/blog-service/main.go : 27 main.init.0"],"level":"info","message":"xiaoma:  go-programing-tour-book/blog-service","time":1606382166052335000}
2020/11/26 17:16:34 {"callers":["/Users/mahongcheng/go-programming-tour-book/blog-service/main.go : 27 main.init.0"],"level":"info","message":"xiaoma:  go-programing-tour-book/blog-service","time":1606382194988804000}
2020/11/27 22:36:46 {"callers":["/Users/mahongcheng/go-programming-tour-book/blog-service/main.go : 27 main.init.0"],"level":"info","message":"xiaoma:  go-programing-tour-book/blog-service","time":1606487806868988000}
2020/11/28 17:08:36 {"callers":["/Users/mahongcheng/go-programming-tour-book/blog-service/main.go : 27 main.init.0"],"level":"info","message":"xiaoma:  go-programing-tour-book/blog-service","time":1606554516751027000}
2020/11/28 17:10:12 {"callers":["/Users/mahongcheng/go-programming-tour-book/blog-service/main.go : 27 main.init.0"],"level":"error","message":"app.BindAndValid errs:Name长度必须至少为3个字符CreatedBy为必填字段","time":1606554612080523000}
2020/11/28 17:11:03 {"callers":["/Users/mahongcheng/go-programming-tour-book/blog-service/main.go : 27 main.init.0"],"level":"error","message":"app.BindAndValid errs:Name长度必须至少为3个字符CreatedBy为必填字段","time":1606554663363581000}
2020/11/28 17:12:23 {"callers":["/Users/mahongcheng/go-programming-tour-book/blog-service/main.go : 27 main.init.0"],"level":"info","message":"xiaoma:  go-programing-tour-book/blog-service","time":1606554743261666000}
2020/11/28 17:12:56 {"callers":["/Users/mahongcheng/go-programming-tour-book/blog-service/main.go : 27 main.init.0"],"level":"error","message":"svc.CreateTag(\u0026param) err: Error 1054: Unknown column 'created_by' in 'field list'","time":1606554776636000000}
2020/11/28 17:16:05 {"callers":["/Users/mahongcheng/go-programming-tour-book/blog-service/main.go : 27 main.init.0"],"level":"error","message":"svc.CreateTag(\u0026param) err: Error 1054: Unknown column 'created_by' in 'field list'","time":1606554965308793000}
2020/11/28 17:18:08 {"callers":["/Users/mahongcheng/go-programming-tour-book/blog-service/main.go : 27 main.init.0"],"level":"info","message":"xiaoma:  go-programing-tour-book/blog-service","time":1606555088054064000}
2020/11/28 17:18:12 {"callers":["/Users/mahongcheng/go-programming-tour-book/blog-service/main.go : 27 main.init.0"],"level":"error","message":"svc.CreateTag(\u0026param) err: Error 1054: Unknown column 'created_by' in 'field list'","time":1606555092233954000}
2020/11/28 17:20:12 {"callers":["/Users/mahongcheng/go-programming-tour-book/blog-service/main.go : 27 main.init.0"],"level":"error","message":"app.BindAndValid errs:CreatedBy为必填字段","time":1606555212436664000}
2020/11/28 17:22:03 {"callers":["/Users/mahongcheng/go-programming-tour-book/blog-service/main.go : 27 main.init.0"],"level":"error","message":"svc.CreateTag(\u0026param) err: Error 1054: Unknown column 'created_on' in 'field list'","time":1606555323401694000}
2020/11/28 17:22:19 {"callers":["/Users/mahongcheng/go-programming-tour-book/blog-service/main.go : 27 main.init.0"],"level":"info","message":"xiaoma:  go-programing-tour-book/blog-service","time":1606555339627545000}
2020/11/28 17:28:21 {"callers":["/Users/mahongcheng/go-programming-tour-book/blog-service/main.go : 27 main.init.0"],"level":"error","message":"app.BindAndValid errs:State为必填字段Name长度必须至少为2个字符","time":1606555701595901000}
2020/11/28 17:29:30 {"callers":["/Users/mahongcheng/go-programming-tour-book/blog-service/main.go : 27 main.init.0"],"level":"info","message":"xiaoma:  go-programing-tour-book/blog-service","time":1606555770995750000}
2020/11/28 17:29:36 {"callers":["/Users/mahongcheng/go-programming-tour-book/blog-service/main.go : 27 main.init.0"],"level":"error","message":"app.BindAndValid errs:State为必填字段","time":1606555776325620000}
2020/11/28 17:30:40 {"callers":["/Users/mahongcheng/go-programming-tour-book/blog-service/main.go : 27 main.init.0"],"level":"error","message":"app.BindAndValid errs:State为必填字段","time":1606555840288315000}
2020/11/28 17:30:55 {"callers":["/Users/mahongcheng/go-programming-tour-book/blog-service/main.go : 27 main.init.0"],"level":"info","message":"xiaoma:  go-programing-tour-book/blog-service","time":1606555855221863000}
2020/11/28 17:42:58 {"callers":["/Users/mahongcheng/go-programming-tour-book/blog-service/main.go : 27 main.init.0"],"level":"info","message":"xiaoma:  go-programing-tour-book/blog-service","time":1606556578797896000}
2020/11/28 17:43:06 {"callers":["/Users/mahongcheng/go-programming-tour-book/blog-service/main.go : 27 main.init.0"],"level":"error","message":"svc.UpdateTag(\u0026param) err: sql: expected 5 arguments, got 4","time":1606556586892324000}
2020/11/28 17:48:46 {"callers":["/Users/mahongcheng/go-programming-tour-book/blog-service/main.go : 27 main.init.0"],"level":"info","message":"xiaoma:  go-programing-tour-book/blog-service","time":1606556926468753000}
2020/12/06 16:05:16 {"callers":["/Users/mahongcheng/go-programming-tour-book/blog-service/main.go : 27 main.init.0"],"level":"info","message":"xiaoma:  go-programing-tour-book/blog-service","time":1607241916818709000}
2020/12/06 16:06:13 {"callers":["/Users/mahongcheng/go-programming-tour-book/blog-service/main.go : 27 main.init.0"],"level":"info","message":"xiaoma:  go-programing-tour-book/blog-service","time":1607241973831606000}
2020/12/06 16:24:55 {"callers":["/Users/mahongcheng/go-programming-tour-book/blog-service/main.go : 27 main.init.0"],"level":"info","message":"xiaoma:  go-programing-tour-book/blog-service","time":1607243095506480000}
2020/12/06 16:27:06 {"callers":["/Users/mahongcheng/go-programming-tour-book/blog-service/main.go : 27 main.init.0"],"level":"info","message":"xiaoma:  go-programing-tour-book/blog-service","time":1607243226360285000}
